<?xml version="1.0" encoding="UTF-8"?>
<testsuite name="hangmanTest" tests="4" skipped="0" failures="0" errors="0" timestamp="2018-05-05T04:58:17" hostname="192.168.1.11" time="0.006">
  <properties/>
  <testcase name="game_WillMakeUserInputCharacters" classname="hangmanTest" time="0.004"/>
  <testcase name="game_WillRandomizeWords" classname="hangmanTest" time="0.0"/>
  <testcase name="game_WillMakeWordsCharacters" classname="hangmanTest" time="0.0"/>
  <testcase name="game_WillReturnUsAString" classname="hangmanTest" time="0.0"/>
  <system-out><![CDATA[]]></system-out>
  <system-err><![CDATA[]]></system-err>
</testsuite>
