<?xml version="1.0" encoding="UTF-8"?>
<testsuite name="hangmanTest" tests="4" skipped="0" failures="0" errors="0" timestamp="2018-05-06T15:29:01" hostname="serahs-air" time="0.006">
  <properties/>
  <testcase name="game_WillMakeUserInputCharacters" classname="hangmanTest" time="0.003"/>
  <testcase name="game_WillRandomizeWords" classname="hangmanTest" time="0.001"/>
  <testcase name="game_WillMakeWordsCharacters" classname="hangmanTest" time="0.001"/>
  <testcase name="game_WillReturnUsAString" classname="hangmanTest" time="0.0"/>
  <system-out><![CDATA[]]></system-out>
  <system-err><![CDATA[]]></system-err>
</testsuite>
